<?xml version="1.0" encoding="UTF-8"?>
<!-- Generated by org.testng.reporters.JUnitReportReporter -->
<testsuite skipped="0" hostname="VASITQA0001" name="com.gec.Base.Login" tests="2" failures="0" timestamp="21 May 2020 07:58:43 GMT" time="0.006" errors="0">
  <testcase name="Login" time="0.005" classname="com.gec.Base.Login"/>
  <testcase name="Login" time="0.001" classname="com.gec.Base.Login"/>
</testsuite> <!-- com.gec.Base.Login -->
